Os.calc.atom
     state = free
     np = 1
     properties = headnode
     ntype = cluster
     status = rectime=1368030627,varattr=,jobs=,state=free,netload=1198157106,gres=,loadave=0.27,ncpus=4,physmem=8260672kb,availmem=15844000kb,totmem=16636988kb,idletime=153,nusers=3,nsessions=113,sessions=390 23881 936 1381 2109 2431 2534 3078 26547 3858 4619 4711 5199 5214 5426 5441 5456 5471 5486 5851 5866 5875 5881 6093 6108 6123 6138 18344 6190 6205 6220 6235 6302 6623 13788 6709 12896 18148 8684 9493 12135 12530 12572 12573 12574 12575 12693 12699 12708 12709 12711 12895 12944 13813 14019 14374 15422 15440 15458 15553 16096 16111 17718 17733 17748 17763 17779 17794 17809 17824 17839 17854 18028 18043 18058 18073 18088 18103 18118 18133 18163 19893 20053 20069 20085 20100 20252 20268 20284 20300 20317 20333 20825 20842 20858 20873 20888 20903 20918 20933 21015 21030 21308 21363 23711 25816 26457 26466 27261 27325 29508 29509 31629,uname=Linux Os.calc.atom 3.0.0-16-generic-pae #28-Ubuntu SMP Fri Jan 27 19:24:01 UTC 2012 i686,opsys=linux
     gpus = 0

Dm00
     state = down
     np = 1
     properties = Dm
     ntype = cluster
     gpus = 0

Dm01
     state = down
     np = 1
     properties = Dm
     ntype = cluster
     gpus = 0

Ga00
     state = free
     np = 1
     properties = Ga
     ntype = cluster
     status = rectime=1368030621,varattr=,jobs=,state=free,netload=69851681776,gres=,loadave=0.00,ncpus=4,physmem=8121324kb,availmem=16186112kb,totmem=16501736kb,idletime=7725500,nusers=1,nsessions=3,sessions=10270 15747 20635,uname=Linux Ga00 3.0.0-12-server #20-Ubuntu SMP Fri Oct 7 16:36:30 UTC 2011 x86_64,opsys=linux
     gpus = 0

Ga01
     state = free
     np = 1
     properties = Ga
     ntype = cluster
     status = rectime=1368030623,varattr=,jobs=111.os 133.os 150.os,state=free,netload=59314173024,gres=,loadave=0.00,ncpus=4,physmem=2047500kb,availmem=10226720kb,totmem=10427912kb,idletime=13308540,nusers=1,nsessions=6,sessions=13227 14983 17853 18165 22434 22969,uname=Linux Ga01 3.0.0-12-server #20-Ubuntu SMP Fri Oct 7 16:36:30 UTC 2011 x86_64,opsys=linux
     gpus = 0

Ga02
     state = free
     np = 1
     properties = Ga
     ntype = cluster
     status = rectime=1368030622,varattr=,jobs=,state=free,netload=32766499218,gres=,loadave=0.00,ncpus=4,physmem=8121324kb,availmem=16235508kb,totmem=16501736kb,idletime=7171946,nusers=1,nsessions=4,sessions=12014 17527 23793 23842,uname=Linux Ga02 3.0.0-12-server #20-Ubuntu SMP Fri Oct 7 16:36:30 UTC 2011 x86_64,opsys=linux
     gpus = 0

Ga03
     state = free
     np = 1
     properties = Ga
     ntype = cluster
     status = rectime=1368030628,varattr=,jobs=,state=free,netload=6679686917,gres=,loadave=0.00,ncpus=4,physmem=5987316kb,availmem=13985572kb,totmem=14367728kb,idletime=358187361,nusers=0,nsessions=? 0,sessions=? 0,uname=Linux Ga03 3.0.0-12-server #20-Ubuntu SMP Fri Oct 7 16:36:30 UTC 2011 x86_64,opsys=linux
     gpus = 0

Ga04
     state = free
     np = 1
     properties = Ga
     ntype = cluster
     status = rectime=1368030634,varattr=,jobs=,state=free,netload=29611034893,gres=,loadave=0.00,ncpus=4,physmem=2047500kb,availmem=10258572kb,totmem=10427912kb,idletime=1404624,nusers=0,nsessions=? 0,sessions=? 0,uname=Linux Ga04 3.0.0-12-server #20-Ubuntu SMP Fri Oct 7 16:36:30 UTC 2011 x86_64,opsys=linux
     gpus = 0

Ga05
     state = free
     np = 1
     properties = Ga
     ntype = cluster
     status = rectime=1368030626,varattr=,jobs=,state=free,netload=9088442032,gres=,loadave=0.00,ncpus=4,physmem=2047500kb,availmem=10261384kb,totmem=10427912kb,idletime=1403803,nusers=0,nsessions=? 0,sessions=? 0,uname=Linux Ga05 3.0.0-12-server #20-Ubuntu SMP Fri Oct 7 16:36:30 UTC 2011 x86_64,opsys=linux
     gpus = 0

Ga06
     state = free
     np = 1
     properties = Ga
     ntype = cluster
     status = rectime=1368030628,varattr=,jobs=,state=free,netload=32066540217,gres=,loadave=0.00,ncpus=4,physmem=5987316kb,availmem=14101824kb,totmem=14367728kb,idletime=8932720,nusers=1,nsessions=3,sessions=12006 17289 22060,uname=Linux Ga06 3.0.0-12-server #20-Ubuntu SMP Fri Oct 7 16:36:30 UTC 2011 x86_64,opsys=linux
     gpus = 0

Ga07
     state = free
     np = 1
     properties = Ga
     ntype = cluster
     status = rectime=1368030625,varattr=,jobs=,state=free,netload=9149709759,gres=,loadave=0.00,ncpus=4,physmem=8121324kb,availmem=16275868kb,totmem=16501736kb,idletime=14740550,nusers=0,nsessions=? 0,sessions=? 0,uname=Linux Ga07 3.0.0-12-server #20-Ubuntu SMP Fri Oct 7 16:36:30 UTC 2011 x86_64,opsys=linux
     gpus = 0

Ge00
     state = free
     np = 1
     properties = Ge
     ntype = cluster
     status = rectime=1368030628,varattr=,jobs=,state=free,netload=18367671323,gres=,loadave=0.00,ncpus=4,physmem=4046772kb,availmem=12229228kb,totmem=12427184kb,idletime=2285552,nusers=0,nsessions=? 0,sessions=? 0,uname=Linux Ge00 3.0.0-12-server #20-Ubuntu SMP Fri Oct 7 16:36:30 UTC 2011 x86_64,opsys=linux
     gpus = 0

Ge01
     state = free
     np = 1
     properties = Ge
     ntype = cluster
     status = rectime=1368030620,varattr=,jobs=,state=free,netload=7916710860,gres=,loadave=0.00,ncpus=4,physmem=8183716kb,availmem=16314708kb,totmem=16564128kb,idletime=1405515,nusers=0,nsessions=? 0,sessions=? 0,uname=Linux Ge01 3.0.0-12-server #20-Ubuntu SMP Fri Oct 7 16:36:30 UTC 2011 x86_64,opsys=linux
     gpus = 0

Ge02
     state = free
     np = 1
     properties = Ge
     ntype = cluster
     status = rectime=1368030621,varattr=,jobs=,state=free,netload=7788575420,gres=,loadave=0.00,ncpus=4,physmem=8183716kb,availmem=16316144kb,totmem=16564128kb,idletime=1403473,nusers=0,nsessions=? 0,sessions=? 0,uname=Linux Ge02 3.0.0-12-server #20-Ubuntu SMP Fri Oct 7 16:36:30 UTC 2011 x86_64,opsys=linux
     gpus = 0

Ge03
     state = free
     np = 1
     properties = Ge
     ntype = cluster
     status = rectime=1368030626,varattr=,jobs=,state=free,netload=4163597694,gres=,loadave=0.00,ncpus=4,physmem=8183716kb,availmem=16319836kb,totmem=16564128kb,idletime=1430409,nusers=0,nsessions=? 0,sessions=? 0,uname=Linux Ge03 3.0.0-12-server #20-Ubuntu SMP Fri Oct 7 16:36:30 UTC 2011 x86_64,opsys=linux
     gpus = 0

Ge04
     state = free
     np = 1
     properties = Ge
     ntype = cluster
     status = rectime=1368030635,varattr=,jobs=,state=free,netload=5552599895,gres=,loadave=0.00,ncpus=4,physmem=8183716kb,availmem=16316672kb,totmem=16564128kb,idletime=1402965,nusers=0,nsessions=? 0,sessions=? 0,uname=Linux Ge04 3.0.0-12-server #20-Ubuntu SMP Fri Oct 7 16:36:30 UTC 2011 x86_64,opsys=linux
     gpus = 0

Ge05
     state = free
     np = 1
     properties = Ge
     ntype = cluster
     status = rectime=1368030625,varattr=,jobs=,state=free,netload=7130218246,gres=,loadave=0.00,ncpus=4,physmem=8183716kb,availmem=16320492kb,totmem=16564128kb,idletime=1402705,nusers=0,nsessions=? 0,sessions=? 0,uname=Linux Ge05 3.0.0-12-server #20-Ubuntu SMP Fri Oct 7 16:36:30 UTC 2011 x86_64,opsys=linux
     gpus = 0

Ge06
     state = free
     np = 1
     properties = Ge
     ntype = cluster
     status = rectime=1368030614,varattr=,jobs=,state=free,netload=13627533917,gres=,loadave=0.00,ncpus=4,physmem=8183716kb,availmem=16315984kb,totmem=16564128kb,idletime=1402526,nusers=0,nsessions=? 0,sessions=? 0,uname=Linux Ge06 3.0.0-12-server #20-Ubuntu SMP Fri Oct 7 16:36:30 UTC 2011 x86_64,opsys=linux
     gpus = 0

Ge07
     state = free
     np = 1
     properties = Ge
     ntype = cluster
     status = rectime=1368030613,varattr=,jobs=,state=free,netload=9201946467,gres=,loadave=0.00,ncpus=4,physmem=8183716kb,availmem=16320620kb,totmem=16564128kb,idletime=1402269,nusers=0,nsessions=? 0,sessions=? 0,uname=Linux Ge07 3.0.0-12-server #20-Ubuntu SMP Fri Oct 7 16:36:30 UTC 2011 x86_64,opsys=linux
     gpus = 0

Se00
     state = job-exclusive
     np = 1
     properties = Se
     ntype = cluster
     jobs = 0/5355.os.calc.atom
     status = rectime=1368030620,varattr=,jobs=5355.os.calc.atom,state=free,netload=9736407152,gres=,loadave=3.43,ncpus=4,physmem=8183720kb,availmem=11863532kb,totmem=16564132kb,idletime=1399468,nusers=1,nsessions=2,sessions=5042 5061,uname=Linux Se00 3.0.0-12-server #20-Ubuntu SMP Fri Oct 7 16:36:30 UTC 2011 x86_64,opsys=linux
     gpus = 0

Se01
     state = job-exclusive
     np = 1
     properties = Se
     ntype = cluster
     jobs = 0/5353.os.calc.atom
     status = rectime=1368030628,varattr=,jobs=5353.os.calc.atom,state=free,netload=7376186931,gres=,loadave=2.16,ncpus=4,physmem=8183720kb,availmem=13888436kb,totmem=16564132kb,idletime=1324074,nusers=1,nsessions=2,sessions=4792 4811,uname=Linux Se01 3.0.0-12-server #20-Ubuntu SMP Fri Oct 7 16:36:30 UTC 2011 x86_64,opsys=linux
     gpus = 0

Se02
     state = job-exclusive
     np = 1
     properties = Se
     ntype = cluster
     jobs = 0/5371.os.calc.atom
     status = rectime=1368030619,varattr=,jobs=5371.os.calc.atom,state=free,netload=8986014562,gres=,loadave=3.74,ncpus=4,physmem=8183720kb,availmem=14759572kb,totmem=16564132kb,idletime=1334092,nusers=1,nsessions=2,sessions=4885 4904,uname=Linux Se02 3.0.0-12-server #20-Ubuntu SMP Fri Oct 7 16:36:30 UTC 2011 x86_64,opsys=linux
     gpus = 0

Se03
     state = job-exclusive
     np = 1
     properties = Se
     ntype = cluster
     jobs = 0/5361.os.calc.atom
     status = rectime=1368030614,varattr=,jobs=5361.os.calc.atom,state=free,netload=2751431505,gres=,loadave=3.05,ncpus=4,physmem=8183720kb,availmem=14508576kb,totmem=16564132kb,idletime=1333989,nusers=1,nsessions=2,sessions=4461 4480,uname=Linux Se03 3.0.0-12-server #20-Ubuntu SMP Fri Oct 7 16:36:30 UTC 2011 x86_64,opsys=linux
     gpus = 0

Se04
     state = job-exclusive
     np = 1
     properties = Se
     ntype = cluster
     jobs = 0/5356.os.calc.atom
     status = rectime=1368030635,varattr=,jobs=5356.os.calc.atom,state=free,netload=5379625209,gres=,loadave=2.16,ncpus=4,physmem=8183720kb,availmem=11790392kb,totmem=16564132kb,idletime=1334009,nusers=1,nsessions=2,sessions=4584 4603,uname=Linux Se04 3.0.0-12-server #20-Ubuntu SMP Fri Oct 7 16:36:30 UTC 2011 x86_64,opsys=linux
     gpus = 0

Se05
     state = job-exclusive
     np = 1
     properties = Se
     ntype = cluster
     jobs = 0/5370.os.calc.atom
     status = rectime=1368030619,varattr=,jobs=5370.os.calc.atom,state=free,netload=5699408350,gres=,loadave=1.36,ncpus=4,physmem=8183720kb,availmem=13416348kb,totmem=16564132kb,idletime=1333991,nusers=1,nsessions=2,sessions=4730 4749,uname=Linux Se05 3.0.0-12-server #20-Ubuntu SMP Fri Oct 7 16:36:30 UTC 2011 x86_64,opsys=linux
     gpus = 0

Se06
     state = job-exclusive
     np = 1
     properties = Se
     ntype = cluster
     jobs = 0/5363.os.calc.atom
     status = rectime=1368030612,varattr=,jobs=5363.os.calc.atom,state=free,netload=2494147097,gres=,loadave=1.73,ncpus=4,physmem=8183720kb,availmem=14538196kb,totmem=16564132kb,idletime=1333984,nusers=1,nsessions=2,sessions=4298 4317,uname=Linux Se06 3.0.0-12-server #20-Ubuntu SMP Fri Oct 7 16:36:30 UTC 2011 x86_64,opsys=linux
     gpus = 0

Se07
     state = job-exclusive
     np = 1
     properties = Se
     ntype = cluster
     jobs = 0/5369.os.calc.atom
     status = rectime=1368030618,varattr=,jobs=5369.os.calc.atom,state=free,netload=6931198579,gres=,loadave=3.92,ncpus=4,physmem=8183720kb,availmem=13950288kb,totmem=16564132kb,idletime=1333991,nusers=1,nsessions=2,sessions=4623 4642,uname=Linux Se07 3.0.0-12-server #20-Ubuntu SMP Fri Oct 7 16:36:30 UTC 2011 x86_64,opsys=linux
     gpus = 0

Se08
     state = job-exclusive
     np = 1
     properties = Se
     ntype = cluster
     jobs = 0/5352.os.calc.atom
     status = rectime=1368030614,varattr=,jobs=5352.os.calc.atom,state=free,netload=4312193224,gres=,loadave=1.66,ncpus=4,physmem=8183720kb,availmem=14416132kb,totmem=16564132kb,idletime=1324026,nusers=1,nsessions=2,sessions=4109 4128,uname=Linux Se08 3.0.0-12-server #20-Ubuntu SMP Fri Oct 7 16:36:30 UTC 2011 x86_64,opsys=linux
     gpus = 0

Se09
     state = job-exclusive
     np = 1
     properties = Se
     ntype = cluster
     jobs = 0/5357.os.calc.atom
     status = rectime=1368030630,varattr=,jobs=5357.os.calc.atom,state=free,netload=5165453701,gres=,loadave=2.40,ncpus=4,physmem=8183720kb,availmem=11941196kb,totmem=16564132kb,idletime=1324040,nusers=1,nsessions=2,sessions=4816 4835,uname=Linux Se09 3.0.0-12-server #20-Ubuntu SMP Fri Oct 7 16:36:30 UTC 2011 x86_64,opsys=linux
     gpus = 0

Se10
     state = job-exclusive
     np = 1
     properties = Se
     ntype = cluster
     jobs = 0/5373.os.calc.atom
     status = rectime=1368030629,varattr=,jobs=5373.os.calc.atom,state=free,netload=5750396025,gres=,loadave=3.29,ncpus=4,physmem=8183720kb,availmem=15528716kb,totmem=16564132kb,idletime=1324037,nusers=1,nsessions=2,sessions=4659 4678,uname=Linux Se10 3.0.0-12-server #20-Ubuntu SMP Fri Oct 7 16:36:30 UTC 2011 x86_64,opsys=linux
     gpus = 0

Se11
     state = job-exclusive
     np = 1
     properties = Se
     ntype = cluster
     jobs = 0/5354.os.calc.atom
     status = rectime=1368030612,varattr=,jobs=5354.os.calc.atom,state=free,netload=4492406234,gres=,loadave=3.97,ncpus=4,physmem=8183720kb,availmem=14660388kb,totmem=16564132kb,idletime=1324020,nusers=1,nsessions=2,sessions=4624 4643,uname=Linux Se11 3.0.0-12-server #20-Ubuntu SMP Fri Oct 7 16:36:30 UTC 2011 x86_64,opsys=linux
     gpus = 0

Se12
     state = job-exclusive
     np = 1
     properties = Se
     ntype = cluster
     jobs = 0/5372.os.calc.atom
     status = rectime=1368030631,varattr=,jobs=5372.os.calc.atom,state=free,netload=5936157085,gres=,loadave=3.95,ncpus=4,physmem=8183720kb,availmem=14472768kb,totmem=16564132kb,idletime=1324039,nusers=1,nsessions=2,sessions=4797 4816,uname=Linux Se12 3.0.0-12-server #20-Ubuntu SMP Fri Oct 7 16:36:30 UTC 2011 x86_64,opsys=linux
     gpus = 0

Se13
     state = job-exclusive
     np = 1
     properties = Se
     ntype = cluster
     jobs = 0/5358.os.calc.atom
     status = rectime=1368030632,varattr=,jobs=5358.os.calc.atom,state=free,netload=5314053766,gres=,loadave=3.92,ncpus=4,physmem=8183720kb,availmem=14557156kb,totmem=16564132kb,idletime=1324040,nusers=1,nsessions=2,sessions=4624 4643,uname=Linux Se13 3.0.0-12-server #20-Ubuntu SMP Fri Oct 7 16:36:30 UTC 2011 x86_64,opsys=linux
     gpus = 0

Se14
     state = job-exclusive
     np = 1
     properties = Se
     ntype = cluster
     jobs = 0/5366.os.calc.atom
     status = rectime=1368030615,varattr=,jobs=5366.os.calc.atom,state=free,netload=6106491084,gres=,loadave=3.36,ncpus=4,physmem=8183720kb,availmem=11860388kb,totmem=16564132kb,idletime=1324023,nusers=1,nsessions=2,sessions=4712 4731,uname=Linux Se14 3.0.0-12-server #20-Ubuntu SMP Fri Oct 7 16:36:30 UTC 2011 x86_64,opsys=linux
     gpus = 0

Se15
     state = job-exclusive
     np = 1
     properties = Se
     ntype = cluster
     jobs = 0/5368.os.calc.atom
     status = rectime=1368030617,varattr=,jobs=5368.os.calc.atom,state=free,netload=5638979565,gres=,loadave=3.79,ncpus=4,physmem=8183720kb,availmem=14491576kb,totmem=16564132kb,idletime=1324023,nusers=1,nsessions=2,sessions=4800 4819,uname=Linux Se15 3.0.0-12-server #20-Ubuntu SMP Fri Oct 7 16:36:30 UTC 2011 x86_64,opsys=linux
     gpus = 0

Se16
     state = job-exclusive
     np = 1
     properties = Se
     ntype = cluster
     jobs = 0/5367.os.calc.atom
     status = rectime=1368030616,varattr=,jobs=5367.os.calc.atom,state=free,netload=5555901152,gres=,loadave=3.95,ncpus=4,physmem=8183720kb,availmem=11885964kb,totmem=16564132kb,idletime=1324033,nusers=1,nsessions=2,sessions=4744 4763,uname=Linux Se16 3.0.0-12-server #20-Ubuntu SMP Fri Oct 7 16:36:30 UTC 2011 x86_64,opsys=linux
     gpus = 0

Se17
     state = job-exclusive
     np = 1
     properties = Se
     ntype = cluster
     jobs = 0/5360.os.calc.atom
     status = rectime=1368030641,varattr=,jobs=5360.os.calc.atom,state=free,netload=6303963588,gres=,loadave=2.75,ncpus=4,physmem=8183720kb,availmem=11938020kb,totmem=16564132kb,idletime=1324046,nusers=1,nsessions=2,sessions=4952 4971,uname=Linux Se17 3.0.0-12-server #20-Ubuntu SMP Fri Oct 7 16:36:30 UTC 2011 x86_64,opsys=linux
     gpus = 0

Se18
     state = job-exclusive
     np = 1
     properties = Se
     ntype = cluster
     jobs = 0/5365.os.calc.atom
     status = rectime=1368030616,varattr=,jobs=5365.os.calc.atom,state=free,netload=6013322999,gres=,loadave=3.95,ncpus=4,physmem=8183720kb,availmem=11943572kb,totmem=16564132kb,idletime=1324018,nusers=1,nsessions=2,sessions=4955 4974,uname=Linux Se18 3.0.0-12-server #20-Ubuntu SMP Fri Oct 7 16:36:30 UTC 2011 x86_64,opsys=linux
     gpus = 0

Se19
     state = job-exclusive
     np = 1
     properties = Se
     ntype = cluster
     jobs = 0/5362.os.calc.atom
     status = rectime=1368030607,varattr=,jobs=5362.os.calc.atom,state=free,netload=3813542995,gres=,loadave=1.40,ncpus=4,physmem=8183720kb,availmem=13469744kb,totmem=16564132kb,idletime=1324011,nusers=1,nsessions=2,sessions=4496 4515,uname=Linux Se19 3.0.0-12-server #20-Ubuntu SMP Fri Oct 7 16:36:30 UTC 2011 x86_64,opsys=linux
     gpus = 0

Se20
     state = job-exclusive
     np = 1
     properties = Se
     ntype = cluster
     jobs = 0/5359.os.calc.atom
     status = rectime=1368030636,varattr=,jobs=5359.os.calc.atom,state=free,netload=2637240703,gres=,loadave=3.66,ncpus=4,physmem=8183720kb,availmem=13435216kb,totmem=16564132kb,idletime=1324040,nusers=1,nsessions=2,sessions=4232 4251,uname=Linux Se20 3.0.0-12-server #20-Ubuntu SMP Fri Oct 7 16:36:30 UTC 2011 x86_64,opsys=linux
     gpus = 0

Se21
     state = job-exclusive
     np = 1
     properties = Se
     ntype = cluster
     jobs = 0/5364.os.calc.atom
     status = rectime=1368030614,varattr=,jobs=5364.os.calc.atom,state=free,netload=2677808969,gres=,loadave=2.22,ncpus=4,physmem=8183720kb,availmem=15021240kb,totmem=16564132kb,idletime=1324017,nusers=1,nsessions=2,sessions=4319 4338,uname=Linux Se21 3.0.0-12-server #20-Ubuntu SMP Fri Oct 7 16:36:30 UTC 2011 x86_64,opsys=linux
     gpus = 0

Br00
     state = free
     np = 1
     properties = Br
     ntype = cluster
     status = rectime=1368030623,varattr=,jobs=,state=free,netload=1553455155,gres=,loadave=0.00,ncpus=4,physmem=12323308kb,availmem=20394224kb,totmem=20703720kb,idletime=1320591,nusers=0,nsessions=? 0,sessions=? 0,uname=Linux Br00 3.0.0-12-server #20-Ubuntu SMP Fri Oct 7 16:36:30 UTC 2011 x86_64,opsys=linux
     gpus = 0

Br01
     state = free
     np = 1
     properties = Br
     ntype = cluster
     status = rectime=1368030641,varattr=,jobs=,state=free,netload=1553051810,gres=,loadave=0.00,ncpus=4,physmem=12323308kb,availmem=20396152kb,totmem=20703720kb,idletime=1320383,nusers=0,nsessions=? 0,sessions=? 0,uname=Linux Br01 3.0.0-12-server #20-Ubuntu SMP Fri Oct 7 16:36:30 UTC 2011 x86_64,opsys=linux
     gpus = 0

Br02
     state = free
     np = 1
     properties = Br
     ntype = cluster
     status = rectime=1368030633,varattr=,jobs=,state=free,netload=1553034711,gres=,loadave=0.00,ncpus=4,physmem=12322444kb,availmem=20403812kb,totmem=20702856kb,idletime=1320376,nusers=0,nsessions=? 0,sessions=? 0,uname=Linux Br02 3.0.0-12-server #20-Ubuntu SMP Fri Oct 7 16:36:30 UTC 2011 x86_64,opsys=linux
     gpus = 0

Br03
     state = down
     np = 1
     properties = Br
     ntype = cluster
     gpus = 0

Br04
     state = down
     np = 1
     properties = Br
     ntype = cluster
     gpus = 0

Br05
     state = down
     np = 1
     properties = Br
     ntype = cluster
     gpus = 0

Br06
     state = down
     np = 1
     properties = Br
     ntype = cluster
     gpus = 0

Br07
     state = down
     np = 1
     properties = Br
     ntype = cluster
     gpus = 0

Br08
     state = down
     np = 1
     properties = Br
     ntype = cluster
     gpus = 0

Br09
     state = down
     np = 1
     properties = Br
     ntype = cluster
     gpus = 0

Br10
     state = free
     np = 1
     properties = Br
     ntype = cluster
     status = rectime=1368030628,varattr=,jobs=,state=free,netload=1552655743,gres=,loadave=0.00,ncpus=4,physmem=12322444kb,availmem=20403112kb,totmem=20702856kb,idletime=1320303,nusers=0,nsessions=? 0,sessions=? 0,uname=Linux Br10 3.0.0-12-server #20-Ubuntu SMP Fri Oct 7 16:36:30 UTC 2011 x86_64,opsys=linux
     gpus = 0

Br11
     state = down
     np = 1
     properties = Br
     ntype = cluster
     gpus = 0

Br12
     state = down
     np = 1
     properties = Br
     ntype = cluster
     gpus = 0

Br13
     state = down
     np = 1
     properties = Br
     ntype = cluster
     gpus = 0

Br14
     state = down
     np = 1
     properties = Br
     ntype = cluster
     gpus = 0

Br15
     state = down
     np = 1
     properties = Br
     ntype = cluster
     gpus = 0

Br16
     state = down
     np = 1
     properties = Br
     ntype = cluster
     gpus = 0

Br17
     state = down
     np = 1
     properties = Br
     ntype = cluster
     gpus = 0

Br18
     state = down
     np = 1
     properties = Br
     ntype = cluster
     gpus = 0

Br19
     state = down
     np = 1
     properties = Br
     ntype = cluster
     gpus = 0

Br20
     state = down
     np = 1
     properties = Br
     ntype = cluster
     gpus = 0

Br21
     state = down
     np = 1
     properties = Br
     ntype = cluster
     gpus = 0

Br22
     state = down
     np = 1
     properties = Br
     ntype = cluster
     gpus = 0

Br23
     state = down
     np = 1
     properties = Br
     ntype = cluster
     gpus = 0

Br24
     state = down
     np = 1
     properties = Br
     ntype = cluster
     gpus = 0

Br25
     state = down
     np = 1
     properties = Br
     ntype = cluster
     gpus = 0

Br26
     state = down
     np = 1
     properties = Br
     ntype = cluster
     gpus = 0

Br27
     state = down
     np = 1
     properties = Br
     ntype = cluster
     gpus = 0

Br28
     state = down
     np = 1
     properties = Br
     ntype = cluster
     gpus = 0

Br29
     state = down
     np = 1
     properties = Br
     ntype = cluster
     gpus = 0

Br30
     state = down
     np = 1
     properties = Br
     ntype = cluster
     gpus = 0

Br31
     state = down
     np = 1
     properties = Br
     ntype = cluster
     gpus = 0

Br32
     state = down
     np = 1
     properties = Br
     ntype = cluster
     gpus = 0

Br33
     state = down
     np = 1
     properties = Br
     ntype = cluster
     gpus = 0

Br34
     state = down
     np = 1
     properties = Br
     ntype = cluster
     gpus = 0

Br35
     state = down
     np = 1
     properties = Br
     ntype = cluster
     gpus = 0

Kr00
     state = free
     np = 1
     properties = Kr
     ntype = cluster
     status = rectime=1368030627,varattr=,jobs=,state=free,netload=3830581534,gres=,loadave=0.00,ncpus=8,physmem=16382420kb,availmem=24426956kb,totmem=24762832kb,idletime=1228492,nusers=0,nsessions=? 0,sessions=? 0,uname=Linux Kr00 3.0.0-12-server #20-Ubuntu SMP Fri Oct 7 16:36:30 UTC 2011 x86_64,opsys=linux
     gpus = 0

Kr01
     state = free
     np = 1
     properties = Kr
     ntype = cluster
     status = rectime=1368030630,varattr=,jobs=,state=free,netload=1717186267,gres=,loadave=0.00,ncpus=8,physmem=16382420kb,availmem=24444292kb,totmem=24762832kb,idletime=1254681,nusers=0,nsessions=? 0,sessions=? 0,uname=Linux Kr01 3.0.0-12-server #20-Ubuntu SMP Fri Oct 7 16:36:30 UTC 2011 x86_64,opsys=linux
     gpus = 0

Kr02
     state = free
     np = 1
     properties = Kr
     ntype = cluster
     status = rectime=1368030628,varattr=,jobs=,state=free,netload=6803442050,gres=,loadave=0.00,ncpus=8,physmem=16382420kb,availmem=24440432kb,totmem=24762832kb,idletime=1254677,nusers=0,nsessions=? 0,sessions=? 0,uname=Linux Kr02 3.0.0-12-server #20-Ubuntu SMP Fri Oct 7 16:36:30 UTC 2011 x86_64,opsys=linux
     gpus = 0

Kr03
     state = free
     np = 1
     properties = Kr
     ntype = cluster
     status = rectime=1368030623,varattr=,jobs=,state=free,netload=7358379418,gres=,loadave=0.00,ncpus=8,physmem=16382420kb,availmem=24440900kb,totmem=24762832kb,idletime=1254670,nusers=0,nsessions=? 0,sessions=? 0,uname=Linux Kr03 3.0.0-12-server #20-Ubuntu SMP Fri Oct 7 16:36:30 UTC 2011 x86_64,opsys=linux
     gpus = 0

Kr04
     state = free
     np = 1
     properties = Kr
     ntype = cluster
     status = rectime=1368030627,varattr=,jobs=,state=free,netload=1667982689,gres=,loadave=0.00,ncpus=8,physmem=16382420kb,availmem=24446604kb,totmem=24762832kb,idletime=1252839,nusers=0,nsessions=? 0,sessions=? 0,uname=Linux Kr04 3.0.0-12-server #20-Ubuntu SMP Fri Oct 7 16:36:30 UTC 2011 x86_64,opsys=linux
     gpus = 0

Kr05
     state = free
     np = 1
     properties = Kr
     ntype = cluster
     status = rectime=1368030633,varattr=,jobs=,state=free,netload=6378427822,gres=,loadave=0.00,ncpus=8,physmem=16382420kb,availmem=24439312kb,totmem=24762832kb,idletime=1254676,nusers=0,nsessions=? 0,sessions=? 0,uname=Linux Kr05 3.0.0-12-server #20-Ubuntu SMP Fri Oct 7 16:36:30 UTC 2011 x86_64,opsys=linux
     gpus = 0

